<?xml version="1.0" encoding="UTF-8"?>
<!-- Generated by org.testng.reporters.JUnitReportReporter -->
<testsuite hostname="Pardeeps-MacBook-Pro.local" failures="0" tests="3" name="tests.LoginTest" time="23.434" errors="0" timestamp="2024-05-23T10:22:17 EDT" skipped="0">
  <testcase classname="tests.LoginTest" name="wrongEmail" time="9.280"/>
  <testcase classname="tests.LoginTest" name="wrongPassword" time="7.019"/>
  <testcase classname="tests.LoginTest" name="wrongEmailPassword" time="7.135"/>
</testsuite> <!-- tests.LoginTest -->
